<?xml version="1.0" encoding="UTF-8"?>
<!-- Generated by org.testng.reporters.JUnitReportReporter -->
<testsuite hostname="sandesh56" failures="0" tests="1" name="script.AAA" time="3.212" errors="0" timestamp="2023-07-06T15:27:13 IST" skipped="0">
  <testcase classname="script.AAA" name="ast" time="3.212"/>
  <system-out/>
</testsuite> <!-- script.AAA -->
